2025-11-09 22:23:00.598 [info] Telemetry level is off
2025-11-09 22:23:00.598 [info] Experiments are disabled, only manually opted experiments are active.
2025-11-09 22:23:00.598 [warning] Dir "/Users/macbookairm1/Documents/Universidad/Septimo Semestre/Modelos/Codigo/.pixi/envs" is not watchable (directory does not exist)
2025-11-09 22:23:00.598 [info] > conda info --json
2025-11-09 22:23:00.598 [warning] Failed to check if /Users/macbookairm1/Documents/Universidad/Septimo Semestre/Modelos/Codigo/.venv/bin/python is an executable [Error: ENOENT: no such file or directory, lstat '/Users/macbookairm1/Documents/Universidad/Septimo Semestre/Modelos/Codigo/.venv/bin/python'] {
  errno: -2,
  code: 'ENOENT',
  syscall: 'lstat',
  path: '/Users/macbookairm1/Documents/Universidad/Septimo Semestre/Modelos/Codigo/.venv/bin/python'
}
2025-11-09 22:23:00.598 [info] Python interpreter path: /usr/local/bin/python3
2025-11-09 22:23:00.598 [info] > pyenv which python
2025-11-09 22:23:00.598 [info] cwd: ~/Documents/Universidad/Septimo Semestre/Modelos/Codigo
2025-11-09 22:23:00.599 [info] > ~/.conda/bin/conda info --json
2025-11-09 22:23:00.601 [warning] Identifier for virt-virtualenv failed to identify /Users/macbookairm1/Documents/Universidad/Septimo Semestre/Modelos/Codigo/.venv/bin/python [Error: ENOENT: no such file or directory, scandir '/Users/macbookairm1/Documents/Universidad/Septimo Semestre/Modelos/Codigo/.venv/bin'] {
  errno: -2,
  code: 'ENOENT',
  syscall: 'scandir',
  path: '/Users/macbookairm1/Documents/Universidad/Septimo Semestre/Modelos/Codigo/.venv/bin'
}
2025-11-09 22:23:00.604 [info] > "~/Documents/Universidad/Septimo Semestre/Modelos/Codigo/.venv/bin/python" -I ~/.cursor/extensions/ms-python.python-2025.6.1-darwin-arm64/python_files/get_output_via_markers.py ~/.cursor/extensions/ms-python.python-2025.6.1-darwin-arm64/python_files/interpreterInfo.py
2025-11-09 22:23:00.669 [info] Editor support is inactive since language server is set to None.
2025-11-09 22:23:00.677 [error] Error: Command failed: "/Users/macbookairm1/Documents/Universidad/Septimo Semestre/Modelos/Codigo/.venv/bin/python" -I /Users/macbookairm1/.cursor/extensions/ms-python.python-2025.6.1-darwin-arm64/python_files/get_output_via_markers.py /Users/macbookairm1/.cursor/extensions/ms-python.python-2025.6.1-darwin-arm64/python_files/interpreterInfo.py
/bin/sh: /Users/macbookairm1/Documents/Universidad/Septimo Semestre/Modelos/Codigo/.venv/bin/python: No such file or directory

    at genericNodeError (node:internal/errors:983:15)
    at wrappedFn (node:internal/errors:537:14)
    at ChildProcess.exithandler (node:child_process:417:12)
    at ChildProcess.emit (node:events:531:35)
    at ChildProcess.emit (node:domain:489:12)
    at maybeClose (node:internal/child_process:1101:16)
    at Socket.<anonymous> (node:internal/child_process:456:11)
    at Socket.emit (node:events:519:28)
    at Socket.emit (node:domain:489:12)
    at Pipe.<anonymous> (node:net:346:12)
    at Pipe.callbackTrampoline (node:internal/async_hooks:130:17) {
  code: 127,
  killed: false,
  signal: null,
  cmd: '"/Users/macbookairm1/Documents/Universidad/Septimo Semestre/Modelos/Codigo/.venv/bin/python" -I /Users/macbookairm1/.cursor/extensions/ms-python.python-2025.6.1-darwin-arm64/python_files/get_output_via_markers.py /Users/macbookairm1/.cursor/extensions/ms-python.python-2025.6.1-darwin-arm64/python_files/interpreterInfo.py'
}
2025-11-09 22:23:02.678 [info] > "~/Documents/Universidad/Septimo Semestre/Modelos/Codigo/.venv/bin/python" -I ~/.cursor/extensions/ms-python.python-2025.6.1-darwin-arm64/python_files/get_output_via_markers.py ~/.cursor/extensions/ms-python.python-2025.6.1-darwin-arm64/python_files/interpreterInfo.py
2025-11-09 22:23:02.683 [error] Error: Command failed: "/Users/macbookairm1/Documents/Universidad/Septimo Semestre/Modelos/Codigo/.venv/bin/python" -I /Users/macbookairm1/.cursor/extensions/ms-python.python-2025.6.1-darwin-arm64/python_files/get_output_via_markers.py /Users/macbookairm1/.cursor/extensions/ms-python.python-2025.6.1-darwin-arm64/python_files/interpreterInfo.py
/bin/sh: /Users/macbookairm1/Documents/Universidad/Septimo Semestre/Modelos/Codigo/.venv/bin/python: No such file or directory

    at genericNodeError (node:internal/errors:983:15)
    at wrappedFn (node:internal/errors:537:14)
    at ChildProcess.exithandler (node:child_process:417:12)
    at ChildProcess.emit (node:events:531:35)
    at ChildProcess.emit (node:domain:489:12)
    at maybeClose (node:internal/child_process:1101:16)
    at Socket.<anonymous> (node:internal/child_process:456:11)
    at Socket.emit (node:events:519:28)
    at Socket.emit (node:domain:489:12)
    at Pipe.<anonymous> (node:net:346:12)
    at Pipe.callbackTrampoline (node:internal/async_hooks:130:17) {
  code: 127,
  killed: false,
  signal: null,
  cmd: '"/Users/macbookairm1/Documents/Universidad/Septimo Semestre/Modelos/Codigo/.venv/bin/python" -I /Users/macbookairm1/.cursor/extensions/ms-python.python-2025.6.1-darwin-arm64/python_files/get_output_via_markers.py /Users/macbookairm1/.cursor/extensions/ms-python.python-2025.6.1-darwin-arm64/python_files/interpreterInfo.py'
}
